<?xml version="1.0" encoding="UTF-8"?>
<testsuite xmlns:xsi="http://www.w3.org/2001/XMLSchema-instance" xsi:noNamespaceSchemaLocation="https://maven.apache.org/surefire/maven-surefire-plugin/xsd/surefire-test-report.xsd" name="MyClassTest" time="0.024" tests="1" errors="0" skipped="0" failures="0">
  <properties>
    <property name="sun.desktop" value="windows"/>
    <property name="awt.toolkit" value="sun.awt.windows.WToolkit"/>
    <property name="java.specification.version" value="11"/>
    <property name="sun.cpu.isalist" value="amd64"/>
    <property name="sun.jnu.encoding" value="GBK"/>
    <property name="java.class.path" value="H:\java\bigData\target\test-classes;H:\java\bigData\target\classes;C:\Users\siqi3.huang\.m2\repository\org\springframework\boot\spring-boot-starter-web\2.7.2\spring-boot-starter-web-2.7.2.jar;C:\Users\siqi3.huang\.m2\repository\org\springframework\boot\spring-boot-starter\2.7.2\spring-boot-starter-2.7.2.jar;C:\Users\siqi3.huang\.m2\repository\org\springframework\boot\spring-boot\2.7.2\spring-boot-2.7.2.jar;C:\Users\siqi3.huang\.m2\repository\org\springframework\boot\spring-boot-autoconfigure\2.7.2\spring-boot-autoconfigure-2.7.2.jar;C:\Users\siqi3.huang\.m2\repository\org\springframework\boot\spring-boot-starter-logging\2.7.2\spring-boot-starter-logging-2.7.2.jar;C:\Users\siqi3.huang\.m2\repository\ch\qos\logback\logback-classic\1.2.11\logback-classic-1.2.11.jar;C:\Users\siqi3.huang\.m2\repository\ch\qos\logback\logback-core\1.2.11\logback-core-1.2.11.jar;C:\Users\siqi3.huang\.m2\repository\org\apache\logging\log4j\log4j-to-slf4j\2.17.2\log4j-to-slf4j-2.17.2.jar;C:\Users\siqi3.huang\.m2\repository\org\apache\logging\log4j\log4j-api\2.17.2\log4j-api-2.17.2.jar;C:\Users\siqi3.huang\.m2\repository\org\slf4j\jul-to-slf4j\1.7.36\jul-to-slf4j-1.7.36.jar;C:\Users\siqi3.huang\.m2\repository\jakarta\annotation\jakarta.annotation-api\1.3.5\jakarta.annotation-api-1.3.5.jar;C:\Users\siqi3.huang\.m2\repository\org\yaml\snakeyaml\1.30\snakeyaml-1.30.jar;C:\Users\siqi3.huang\.m2\repository\org\springframework\boot\spring-boot-starter-json\2.7.2\spring-boot-starter-json-2.7.2.jar;C:\Users\siqi3.huang\.m2\repository\com\fasterxml\jackson\datatype\jackson-datatype-jdk8\2.13.3\jackson-datatype-jdk8-2.13.3.jar;C:\Users\siqi3.huang\.m2\repository\com\fasterxml\jackson\datatype\jackson-datatype-jsr310\2.13.3\jackson-datatype-jsr310-2.13.3.jar;C:\Users\siqi3.huang\.m2\repository\com\fasterxml\jackson\module\jackson-module-parameter-names\2.13.3\jackson-module-parameter-names-2.13.3.jar;C:\Users\siqi3.huang\.m2\repository\org\springframework\boot\spring-boot-starter-tomcat\2.7.2\spring-boot-starter-tomcat-2.7.2.jar;C:\Users\siqi3.huang\.m2\repository\org\apache\tomcat\embed\tomcat-embed-core\9.0.65\tomcat-embed-core-9.0.65.jar;C:\Users\siqi3.huang\.m2\repository\org\apache\tomcat\embed\tomcat-embed-el\9.0.65\tomcat-embed-el-9.0.65.jar;C:\Users\siqi3.huang\.m2\repository\org\apache\tomcat\embed\tomcat-embed-websocket\9.0.65\tomcat-embed-websocket-9.0.65.jar;C:\Users\siqi3.huang\.m2\repository\org\springframework\spring-web\5.3.22\spring-web-5.3.22.jar;C:\Users\siqi3.huang\.m2\repository\org\springframework\spring-webmvc\5.3.22\spring-webmvc-5.3.22.jar;C:\Users\siqi3.huang\.m2\repository\org\mybatis\spring\boot\mybatis-spring-boot-starter\2.2.2\mybatis-spring-boot-starter-2.2.2.jar;C:\Users\siqi3.huang\.m2\repository\org\springframework\boot\spring-boot-starter-jdbc\2.7.2\spring-boot-starter-jdbc-2.7.2.jar;C:\Users\siqi3.huang\.m2\repository\com\zaxxer\HikariCP\4.0.3\HikariCP-4.0.3.jar;C:\Users\siqi3.huang\.m2\repository\org\springframework\spring-jdbc\5.3.22\spring-jdbc-5.3.22.jar;C:\Users\siqi3.huang\.m2\repository\org\mybatis\spring\boot\mybatis-spring-boot-autoconfigure\2.2.2\mybatis-spring-boot-autoconfigure-2.2.2.jar;C:\Users\siqi3.huang\.m2\repository\org\mybatis\mybatis\3.5.9\mybatis-3.5.9.jar;C:\Users\siqi3.huang\.m2\repository\org\mybatis\mybatis-spring\2.0.7\mybatis-spring-2.0.7.jar;C:\Users\siqi3.huang\.m2\repository\mysql\mysql-connector-java\8.0.16\mysql-connector-java-8.0.16.jar;C:\Users\siqi3.huang\.m2\repository\org\springframework\boot\spring-boot-starter-test\2.7.2\spring-boot-starter-test-2.7.2.jar;C:\Users\siqi3.huang\.m2\repository\org\springframework\boot\spring-boot-test\2.7.2\spring-boot-test-2.7.2.jar;C:\Users\siqi3.huang\.m2\repository\org\springframework\boot\spring-boot-test-autoconfigure\2.7.2\spring-boot-test-autoconfigure-2.7.2.jar;C:\Users\siqi3.huang\.m2\repository\com\jayway\jsonpath\json-path\2.7.0\json-path-2.7.0.jar;C:\Users\siqi3.huang\.m2\repository\net\minidev\json-smart\2.4.8\json-smart-2.4.8.jar;C:\Users\siqi3.huang\.m2\repository\net\minidev\accessors-smart\2.4.8\accessors-smart-2.4.8.jar;C:\Users\siqi3.huang\.m2\repository\org\ow2\asm\asm\9.1\asm-9.1.jar;C:\Users\siqi3.huang\.m2\repository\jakarta\xml\bind\jakarta.xml.bind-api\2.3.3\jakarta.xml.bind-api-2.3.3.jar;C:\Users\siqi3.huang\.m2\repository\jakarta\activation\jakarta.activation-api\1.2.2\jakarta.activation-api-1.2.2.jar;C:\Users\siqi3.huang\.m2\repository\org\assertj\assertj-core\3.22.0\assertj-core-3.22.0.jar;C:\Users\siqi3.huang\.m2\repository\org\hamcrest\hamcrest\2.2\hamcrest-2.2.jar;C:\Users\siqi3.huang\.m2\repository\org\junit\jupiter\junit-jupiter\5.8.2\junit-jupiter-5.8.2.jar;C:\Users\siqi3.huang\.m2\repository\org\junit\jupiter\junit-jupiter-api\5.8.2\junit-jupiter-api-5.8.2.jar;C:\Users\siqi3.huang\.m2\repository\org\opentest4j\opentest4j\1.2.0\opentest4j-1.2.0.jar;C:\Users\siqi3.huang\.m2\repository\org\junit\platform\junit-platform-commons\1.8.2\junit-platform-commons-1.8.2.jar;C:\Users\siqi3.huang\.m2\repository\org\apiguardian\apiguardian-api\1.1.2\apiguardian-api-1.1.2.jar;C:\Users\siqi3.huang\.m2\repository\org\junit\jupiter\junit-jupiter-params\5.8.2\junit-jupiter-params-5.8.2.jar;C:\Users\siqi3.huang\.m2\repository\org\junit\jupiter\junit-jupiter-engine\5.8.2\junit-jupiter-engine-5.8.2.jar;C:\Users\siqi3.huang\.m2\repository\org\junit\platform\junit-platform-engine\1.8.2\junit-platform-engine-1.8.2.jar;C:\Users\siqi3.huang\.m2\repository\org\mockito\mockito-core\4.5.1\mockito-core-4.5.1.jar;C:\Users\siqi3.huang\.m2\repository\net\bytebuddy\byte-buddy\1.12.12\byte-buddy-1.12.12.jar;C:\Users\siqi3.huang\.m2\repository\net\bytebuddy\byte-buddy-agent\1.12.12\byte-buddy-agent-1.12.12.jar;C:\Users\siqi3.huang\.m2\repository\org\objenesis\objenesis\3.2\objenesis-3.2.jar;C:\Users\siqi3.huang\.m2\repository\org\mockito\mockito-junit-jupiter\4.5.1\mockito-junit-jupiter-4.5.1.jar;C:\Users\siqi3.huang\.m2\repository\org\skyscreamer\jsonassert\1.5.1\jsonassert-1.5.1.jar;C:\Users\siqi3.huang\.m2\repository\com\vaadin\external\google\android-json\0.0.20131108.vaadin1\android-json-0.0.20131108.vaadin1.jar;C:\Users\siqi3.huang\.m2\repository\org\springframework\spring-core\5.3.22\spring-core-5.3.22.jar;C:\Users\siqi3.huang\.m2\repository\org\springframework\spring-jcl\5.3.22\spring-jcl-5.3.22.jar;C:\Users\siqi3.huang\.m2\repository\org\springframework\spring-test\5.3.22\spring-test-5.3.22.jar;C:\Users\siqi3.huang\.m2\repository\org\xmlunit\xmlunit-core\2.9.0\xmlunit-core-2.9.0.jar;C:\Users\siqi3.huang\.m2\repository\org\apache\flink\flink-core\1.17.2\flink-core-1.17.2.jar;C:\Users\siqi3.huang\.m2\repository\org\apache\flink\flink-annotations\1.17.2\flink-annotations-1.17.2.jar;C:\Users\siqi3.huang\.m2\repository\org\apache\flink\flink-metrics-core\1.17.2\flink-metrics-core-1.17.2.jar;C:\Users\siqi3.huang\.m2\repository\org\apache\flink\flink-shaded-asm-9\9.3-16.1\flink-shaded-asm-9-9.3-16.1.jar;C:\Users\siqi3.huang\.m2\repository\org\apache\flink\flink-shaded-jackson\2.13.4-16.1\flink-shaded-jackson-2.13.4-16.1.jar;C:\Users\siqi3.huang\.m2\repository\org\apache\commons\commons-lang3\3.12.0\commons-lang3-3.12.0.jar;C:\Users\siqi3.huang\.m2\repository\org\apache\commons\commons-text\1.10.0\commons-text-1.10.0.jar;C:\Users\siqi3.huang\.m2\repository\com\esotericsoftware\kryo\kryo\2.24.0\kryo-2.24.0.jar;C:\Users\siqi3.huang\.m2\repository\com\esotericsoftware\minlog\minlog\1.2\minlog-1.2.jar;C:\Users\siqi3.huang\.m2\repository\commons-collections\commons-collections\3.2.2\commons-collections-3.2.2.jar;C:\Users\siqi3.huang\.m2\repository\org\apache\commons\commons-compress\1.21\commons-compress-1.21.jar;C:\Users\siqi3.huang\.m2\repository\org\apache\flink\flink-shaded-guava\30.1.1-jre-16.1\flink-shaded-guava-30.1.1-jre-16.1.jar;C:\Users\siqi3.huang\.m2\repository\org\slf4j\slf4j-api\1.7.36\slf4j-api-1.7.36.jar;C:\Users\siqi3.huang\.m2\repository\com\google\code\findbugs\jsr305\1.3.9\jsr305-1.3.9.jar;C:\Users\siqi3.huang\.m2\repository\org\apache\flink\flink-java\1.17.2\flink-java-1.17.2.jar;C:\Users\siqi3.huang\.m2\repository\org\apache\commons\commons-math3\3.6.1\commons-math3-3.6.1.jar;C:\Users\siqi3.huang\.m2\repository\com\twitter\chill-java\0.7.6\chill-java-0.7.6.jar;C:\Users\siqi3.huang\.m2\repository\org\apache\flink\flink-streaming-java\1.17.2\flink-streaming-java-1.17.2.jar;C:\Users\siqi3.huang\.m2\repository\org\apache\flink\flink-file-sink-common\1.17.2\flink-file-sink-common-1.17.2.jar;C:\Users\siqi3.huang\.m2\repository\org\apache\flink\flink-runtime\1.17.2\flink-runtime-1.17.2.jar;C:\Users\siqi3.huang\.m2\repository\org\apache\flink\flink-rpc-core\1.17.2\flink-rpc-core-1.17.2.jar;C:\Users\siqi3.huang\.m2\repository\org\apache\flink\flink-rpc-akka-loader\1.17.2\flink-rpc-akka-loader-1.17.2.jar;C:\Users\siqi3.huang\.m2\repository\org\apache\flink\flink-queryable-state-client-java\1.17.2\flink-queryable-state-client-java-1.17.2.jar;C:\Users\siqi3.huang\.m2\repository\org\apache\flink\flink-hadoop-fs\1.17.2\flink-hadoop-fs-1.17.2.jar;C:\Users\siqi3.huang\.m2\repository\commons-io\commons-io\2.11.0\commons-io-2.11.0.jar;C:\Users\siqi3.huang\.m2\repository\org\apache\flink\flink-shaded-netty\4.1.82.Final-16.1\flink-shaded-netty-4.1.82.Final-16.1.jar;C:\Users\siqi3.huang\.m2\repository\org\apache\flink\flink-shaded-zookeeper-3\3.7.1-16.1\flink-shaded-zookeeper-3-3.7.1-16.1.jar;C:\Users\siqi3.huang\.m2\repository\org\javassist\javassist\3.24.0-GA\javassist-3.24.0-GA.jar;C:\Users\siqi3.huang\.m2\repository\org\apache\flink\flink-shaded-force-shading\16.1\flink-shaded-force-shading-16.1.jar;C:\Users\siqi3.huang\.m2\repository\org\apache\flink\flink-clients\1.17.2\flink-clients-1.17.2.jar;C:\Users\siqi3.huang\.m2\repository\org\apache\flink\flink-optimizer\1.17.2\flink-optimizer-1.17.2.jar;C:\Users\siqi3.huang\.m2\repository\commons-cli\commons-cli\1.5.0\commons-cli-1.5.0.jar;C:\Users\siqi3.huang\.m2\repository\org\apache\flink\flink-connector-kafka\1.17.2\flink-connector-kafka-1.17.2.jar;C:\Users\siqi3.huang\.m2\repository\org\apache\flink\flink-connector-base\1.17.2\flink-connector-base-1.17.2.jar;C:\Users\siqi3.huang\.m2\repository\org\apache\kafka\kafka-clients\3.8.1\kafka-clients-3.8.1.jar;C:\Users\siqi3.huang\.m2\repository\com\github\luben\zstd-jni\1.5.6-4\zstd-jni-1.5.6-4.jar;C:\Users\siqi3.huang\.m2\repository\org\lz4\lz4-java\1.8.0\lz4-java-1.8.0.jar;C:\Users\siqi3.huang\.m2\repository\org\xerial\snappy\snappy-java\1.1.10.5\snappy-java-1.1.10.5.jar;C:\Users\siqi3.huang\.m2\repository\org\projectlombok\lombok\1.18.30\lombok-1.18.30.jar;C:\Users\siqi3.huang\.m2\repository\jakarta\validation\jakarta.validation-api\2.0.2\jakarta.validation-api-2.0.2.jar;C:\Users\siqi3.huang\.m2\repository\org\springframework\spring-aop\5.3.20\spring-aop-5.3.20.jar;C:\Users\siqi3.huang\.m2\repository\org\springframework\spring-beans\5.3.22\spring-beans-5.3.22.jar;C:\Users\siqi3.huang\.m2\repository\org\aspectj\aspectjweaver\1.9.22.1\aspectjweaver-1.9.22.1.jar;C:\Users\siqi3.huang\.m2\repository\com\fasterxml\jackson\core\jackson-databind\2.16.1\jackson-databind-2.16.1.jar;C:\Users\siqi3.huang\.m2\repository\com\fasterxml\jackson\core\jackson-annotations\2.13.3\jackson-annotations-2.13.3.jar;C:\Users\siqi3.huang\.m2\repository\com\fasterxml\jackson\core\jackson-core\2.13.3\jackson-core-2.13.3.jar;C:\Users\siqi3.huang\.m2\repository\org\springframework\boot\spring-boot-starter-data-redis\2.7.2\spring-boot-starter-data-redis-2.7.2.jar;C:\Users\siqi3.huang\.m2\repository\org\springframework\data\spring-data-redis\2.7.2\spring-data-redis-2.7.2.jar;C:\Users\siqi3.huang\.m2\repository\org\springframework\data\spring-data-keyvalue\2.7.2\spring-data-keyvalue-2.7.2.jar;C:\Users\siqi3.huang\.m2\repository\org\springframework\data\spring-data-commons\2.7.2\spring-data-commons-2.7.2.jar;C:\Users\siqi3.huang\.m2\repository\org\springframework\spring-tx\5.3.22\spring-tx-5.3.22.jar;C:\Users\siqi3.huang\.m2\repository\org\springframework\spring-oxm\5.3.22\spring-oxm-5.3.22.jar;C:\Users\siqi3.huang\.m2\repository\io\lettuce\lettuce-core\6.1.9.RELEASE\lettuce-core-6.1.9.RELEASE.jar;C:\Users\siqi3.huang\.m2\repository\io\netty\netty-common\4.1.79.Final\netty-common-4.1.79.Final.jar;C:\Users\siqi3.huang\.m2\repository\io\netty\netty-handler\4.1.79.Final\netty-handler-4.1.79.Final.jar;C:\Users\siqi3.huang\.m2\repository\io\netty\netty-resolver\4.1.79.Final\netty-resolver-4.1.79.Final.jar;C:\Users\siqi3.huang\.m2\repository\io\netty\netty-buffer\4.1.79.Final\netty-buffer-4.1.79.Final.jar;C:\Users\siqi3.huang\.m2\repository\io\netty\netty-transport-native-unix-common\4.1.79.Final\netty-transport-native-unix-common-4.1.79.Final.jar;C:\Users\siqi3.huang\.m2\repository\io\netty\netty-codec\4.1.79.Final\netty-codec-4.1.79.Final.jar;C:\Users\siqi3.huang\.m2\repository\io\netty\netty-transport\4.1.79.Final\netty-transport-4.1.79.Final.jar;C:\Users\siqi3.huang\.m2\repository\io\projectreactor\reactor-core\3.4.21\reactor-core-3.4.21.jar;C:\Users\siqi3.huang\.m2\repository\org\reactivestreams\reactive-streams\1.0.4\reactive-streams-1.0.4.jar;C:\Users\siqi3.huang\.m2\repository\org\springframework\boot\spring-boot-starter-cache\2.7.2\spring-boot-starter-cache-2.7.2.jar;C:\Users\siqi3.huang\.m2\repository\org\springframework\spring-context-support\5.3.22\spring-context-support-5.3.22.jar;C:\Users\siqi3.huang\.m2\repository\com\alibaba\fastjson\2.0.42\fastjson-2.0.42.jar;C:\Users\siqi3.huang\.m2\repository\com\alibaba\fastjson2\fastjson2-extension\2.0.42\fastjson2-extension-2.0.42.jar;C:\Users\siqi3.huang\.m2\repository\com\alibaba\fastjson2\fastjson2\2.0.42\fastjson2-2.0.42.jar;C:\Users\siqi3.huang\.m2\repository\com\squareup\okhttp3\okhttp\4.9.3\okhttp-4.9.3.jar;C:\Users\siqi3.huang\.m2\repository\com\squareup\okio\okio\2.8.0\okio-2.8.0.jar;C:\Users\siqi3.huang\.m2\repository\org\jetbrains\kotlin\kotlin-stdlib-common\1.6.21\kotlin-stdlib-common-1.6.21.jar;C:\Users\siqi3.huang\.m2\repository\org\jetbrains\kotlin\kotlin-stdlib\1.6.21\kotlin-stdlib-1.6.21.jar;C:\Users\siqi3.huang\.m2\repository\org\jetbrains\annotations\13.0\annotations-13.0.jar;C:\Users\siqi3.huang\.m2\repository\io\jsonwebtoken\jjwt-api\0.10.3\jjwt-api-0.10.3.jar;C:\Users\siqi3.huang\.m2\repository\io\jsonwebtoken\jjwt-impl\0.10.3\jjwt-impl-0.10.3.jar;C:\Users\siqi3.huang\.m2\repository\io\jsonwebtoken\jjwt-jackson\0.10.3\jjwt-jackson-0.10.3.jar;C:\Users\siqi3.huang\.m2\repository\org\springframework\security\spring-security-core\5.8.7\spring-security-core-5.8.7.jar;C:\Users\siqi3.huang\.m2\repository\org\springframework\security\spring-security-crypto\5.7.2\spring-security-crypto-5.7.2.jar;C:\Users\siqi3.huang\.m2\repository\org\springframework\spring-context\5.3.22\spring-context-5.3.22.jar;C:\Users\siqi3.huang\.m2\repository\org\springframework\spring-expression\5.3.22\spring-expression-5.3.22.jar;"/>
    <property name="java.vm.vendor" value="Microsoft"/>
    <property name="sun.arch.data.model" value="64"/>
    <property name="user.variant" value=""/>
    <property name="java.vendor.url" value="https://www.microsoft.com"/>
    <property name="user.timezone" value="Asia/Shanghai"/>
    <property name="java.vm.specification.version" value="11"/>
    <property name="os.name" value="Windows 10"/>
    <property name="sun.java.launcher" value="SUN_STANDARD"/>
    <property name="user.country" value="CN"/>
    <property name="sun.boot.library.path" value="C:\Users\siqi3.huang\.jdks\ms-11.0.26\bin"/>
    <property name="sun.java.command" value="C:\Users\siqi3.huang\AppData\Local\Temp\surefire13919733675051276376\surefirebooter11574262679034871836.jar C:\Users\siqi3.huang\AppData\Local\Temp\surefire13919733675051276376 2025-08-13T11-54-20_964-jvmRun1 surefire9024197098217229341tmp surefire_03080165716151470799tmp"/>
    <property name="jdk.debug" value="release"/>
    <property name="surefire.test.class.path" value="H:\java\bigData\target\test-classes;H:\java\bigData\target\classes;C:\Users\siqi3.huang\.m2\repository\org\springframework\boot\spring-boot-starter-web\2.7.2\spring-boot-starter-web-2.7.2.jar;C:\Users\siqi3.huang\.m2\repository\org\springframework\boot\spring-boot-starter\2.7.2\spring-boot-starter-2.7.2.jar;C:\Users\siqi3.huang\.m2\repository\org\springframework\boot\spring-boot\2.7.2\spring-boot-2.7.2.jar;C:\Users\siqi3.huang\.m2\repository\org\springframework\boot\spring-boot-autoconfigure\2.7.2\spring-boot-autoconfigure-2.7.2.jar;C:\Users\siqi3.huang\.m2\repository\org\springframework\boot\spring-boot-starter-logging\2.7.2\spring-boot-starter-logging-2.7.2.jar;C:\Users\siqi3.huang\.m2\repository\ch\qos\logback\logback-classic\1.2.11\logback-classic-1.2.11.jar;C:\Users\siqi3.huang\.m2\repository\ch\qos\logback\logback-core\1.2.11\logback-core-1.2.11.jar;C:\Users\siqi3.huang\.m2\repository\org\apache\logging\log4j\log4j-to-slf4j\2.17.2\log4j-to-slf4j-2.17.2.jar;C:\Users\siqi3.huang\.m2\repository\org\apache\logging\log4j\log4j-api\2.17.2\log4j-api-2.17.2.jar;C:\Users\siqi3.huang\.m2\repository\org\slf4j\jul-to-slf4j\1.7.36\jul-to-slf4j-1.7.36.jar;C:\Users\siqi3.huang\.m2\repository\jakarta\annotation\jakarta.annotation-api\1.3.5\jakarta.annotation-api-1.3.5.jar;C:\Users\siqi3.huang\.m2\repository\org\yaml\snakeyaml\1.30\snakeyaml-1.30.jar;C:\Users\siqi3.huang\.m2\repository\org\springframework\boot\spring-boot-starter-json\2.7.2\spring-boot-starter-json-2.7.2.jar;C:\Users\siqi3.huang\.m2\repository\com\fasterxml\jackson\datatype\jackson-datatype-jdk8\2.13.3\jackson-datatype-jdk8-2.13.3.jar;C:\Users\siqi3.huang\.m2\repository\com\fasterxml\jackson\datatype\jackson-datatype-jsr310\2.13.3\jackson-datatype-jsr310-2.13.3.jar;C:\Users\siqi3.huang\.m2\repository\com\fasterxml\jackson\module\jackson-module-parameter-names\2.13.3\jackson-module-parameter-names-2.13.3.jar;C:\Users\siqi3.huang\.m2\repository\org\springframework\boot\spring-boot-starter-tomcat\2.7.2\spring-boot-starter-tomcat-2.7.2.jar;C:\Users\siqi3.huang\.m2\repository\org\apache\tomcat\embed\tomcat-embed-core\9.0.65\tomcat-embed-core-9.0.65.jar;C:\Users\siqi3.huang\.m2\repository\org\apache\tomcat\embed\tomcat-embed-el\9.0.65\tomcat-embed-el-9.0.65.jar;C:\Users\siqi3.huang\.m2\repository\org\apache\tomcat\embed\tomcat-embed-websocket\9.0.65\tomcat-embed-websocket-9.0.65.jar;C:\Users\siqi3.huang\.m2\repository\org\springframework\spring-web\5.3.22\spring-web-5.3.22.jar;C:\Users\siqi3.huang\.m2\repository\org\springframework\spring-webmvc\5.3.22\spring-webmvc-5.3.22.jar;C:\Users\siqi3.huang\.m2\repository\org\mybatis\spring\boot\mybatis-spring-boot-starter\2.2.2\mybatis-spring-boot-starter-2.2.2.jar;C:\Users\siqi3.huang\.m2\repository\org\springframework\boot\spring-boot-starter-jdbc\2.7.2\spring-boot-starter-jdbc-2.7.2.jar;C:\Users\siqi3.huang\.m2\repository\com\zaxxer\HikariCP\4.0.3\HikariCP-4.0.3.jar;C:\Users\siqi3.huang\.m2\repository\org\springframework\spring-jdbc\5.3.22\spring-jdbc-5.3.22.jar;C:\Users\siqi3.huang\.m2\repository\org\mybatis\spring\boot\mybatis-spring-boot-autoconfigure\2.2.2\mybatis-spring-boot-autoconfigure-2.2.2.jar;C:\Users\siqi3.huang\.m2\repository\org\mybatis\mybatis\3.5.9\mybatis-3.5.9.jar;C:\Users\siqi3.huang\.m2\repository\org\mybatis\mybatis-spring\2.0.7\mybatis-spring-2.0.7.jar;C:\Users\siqi3.huang\.m2\repository\mysql\mysql-connector-java\8.0.16\mysql-connector-java-8.0.16.jar;C:\Users\siqi3.huang\.m2\repository\org\springframework\boot\spring-boot-starter-test\2.7.2\spring-boot-starter-test-2.7.2.jar;C:\Users\siqi3.huang\.m2\repository\org\springframework\boot\spring-boot-test\2.7.2\spring-boot-test-2.7.2.jar;C:\Users\siqi3.huang\.m2\repository\org\springframework\boot\spring-boot-test-autoconfigure\2.7.2\spring-boot-test-autoconfigure-2.7.2.jar;C:\Users\siqi3.huang\.m2\repository\com\jayway\jsonpath\json-path\2.7.0\json-path-2.7.0.jar;C:\Users\siqi3.huang\.m2\repository\net\minidev\json-smart\2.4.8\json-smart-2.4.8.jar;C:\Users\siqi3.huang\.m2\repository\net\minidev\accessors-smart\2.4.8\accessors-smart-2.4.8.jar;C:\Users\siqi3.huang\.m2\repository\org\ow2\asm\asm\9.1\asm-9.1.jar;C:\Users\siqi3.huang\.m2\repository\jakarta\xml\bind\jakarta.xml.bind-api\2.3.3\jakarta.xml.bind-api-2.3.3.jar;C:\Users\siqi3.huang\.m2\repository\jakarta\activation\jakarta.activation-api\1.2.2\jakarta.activation-api-1.2.2.jar;C:\Users\siqi3.huang\.m2\repository\org\assertj\assertj-core\3.22.0\assertj-core-3.22.0.jar;C:\Users\siqi3.huang\.m2\repository\org\hamcrest\hamcrest\2.2\hamcrest-2.2.jar;C:\Users\siqi3.huang\.m2\repository\org\junit\jupiter\junit-jupiter\5.8.2\junit-jupiter-5.8.2.jar;C:\Users\siqi3.huang\.m2\repository\org\junit\jupiter\junit-jupiter-api\5.8.2\junit-jupiter-api-5.8.2.jar;C:\Users\siqi3.huang\.m2\repository\org\opentest4j\opentest4j\1.2.0\opentest4j-1.2.0.jar;C:\Users\siqi3.huang\.m2\repository\org\junit\platform\junit-platform-commons\1.8.2\junit-platform-commons-1.8.2.jar;C:\Users\siqi3.huang\.m2\repository\org\apiguardian\apiguardian-api\1.1.2\apiguardian-api-1.1.2.jar;C:\Users\siqi3.huang\.m2\repository\org\junit\jupiter\junit-jupiter-params\5.8.2\junit-jupiter-params-5.8.2.jar;C:\Users\siqi3.huang\.m2\repository\org\junit\jupiter\junit-jupiter-engine\5.8.2\junit-jupiter-engine-5.8.2.jar;C:\Users\siqi3.huang\.m2\repository\org\junit\platform\junit-platform-engine\1.8.2\junit-platform-engine-1.8.2.jar;C:\Users\siqi3.huang\.m2\repository\org\mockito\mockito-core\4.5.1\mockito-core-4.5.1.jar;C:\Users\siqi3.huang\.m2\repository\net\bytebuddy\byte-buddy\1.12.12\byte-buddy-1.12.12.jar;C:\Users\siqi3.huang\.m2\repository\net\bytebuddy\byte-buddy-agent\1.12.12\byte-buddy-agent-1.12.12.jar;C:\Users\siqi3.huang\.m2\repository\org\objenesis\objenesis\3.2\objenesis-3.2.jar;C:\Users\siqi3.huang\.m2\repository\org\mockito\mockito-junit-jupiter\4.5.1\mockito-junit-jupiter-4.5.1.jar;C:\Users\siqi3.huang\.m2\repository\org\skyscreamer\jsonassert\1.5.1\jsonassert-1.5.1.jar;C:\Users\siqi3.huang\.m2\repository\com\vaadin\external\google\android-json\0.0.20131108.vaadin1\android-json-0.0.20131108.vaadin1.jar;C:\Users\siqi3.huang\.m2\repository\org\springframework\spring-core\5.3.22\spring-core-5.3.22.jar;C:\Users\siqi3.huang\.m2\repository\org\springframework\spring-jcl\5.3.22\spring-jcl-5.3.22.jar;C:\Users\siqi3.huang\.m2\repository\org\springframework\spring-test\5.3.22\spring-test-5.3.22.jar;C:\Users\siqi3.huang\.m2\repository\org\xmlunit\xmlunit-core\2.9.0\xmlunit-core-2.9.0.jar;C:\Users\siqi3.huang\.m2\repository\org\apache\flink\flink-core\1.17.2\flink-core-1.17.2.jar;C:\Users\siqi3.huang\.m2\repository\org\apache\flink\flink-annotations\1.17.2\flink-annotations-1.17.2.jar;C:\Users\siqi3.huang\.m2\repository\org\apache\flink\flink-metrics-core\1.17.2\flink-metrics-core-1.17.2.jar;C:\Users\siqi3.huang\.m2\repository\org\apache\flink\flink-shaded-asm-9\9.3-16.1\flink-shaded-asm-9-9.3-16.1.jar;C:\Users\siqi3.huang\.m2\repository\org\apache\flink\flink-shaded-jackson\2.13.4-16.1\flink-shaded-jackson-2.13.4-16.1.jar;C:\Users\siqi3.huang\.m2\repository\org\apache\commons\commons-lang3\3.12.0\commons-lang3-3.12.0.jar;C:\Users\siqi3.huang\.m2\repository\org\apache\commons\commons-text\1.10.0\commons-text-1.10.0.jar;C:\Users\siqi3.huang\.m2\repository\com\esotericsoftware\kryo\kryo\2.24.0\kryo-2.24.0.jar;C:\Users\siqi3.huang\.m2\repository\com\esotericsoftware\minlog\minlog\1.2\minlog-1.2.jar;C:\Users\siqi3.huang\.m2\repository\commons-collections\commons-collections\3.2.2\commons-collections-3.2.2.jar;C:\Users\siqi3.huang\.m2\repository\org\apache\commons\commons-compress\1.21\commons-compress-1.21.jar;C:\Users\siqi3.huang\.m2\repository\org\apache\flink\flink-shaded-guava\30.1.1-jre-16.1\flink-shaded-guava-30.1.1-jre-16.1.jar;C:\Users\siqi3.huang\.m2\repository\org\slf4j\slf4j-api\1.7.36\slf4j-api-1.7.36.jar;C:\Users\siqi3.huang\.m2\repository\com\google\code\findbugs\jsr305\1.3.9\jsr305-1.3.9.jar;C:\Users\siqi3.huang\.m2\repository\org\apache\flink\flink-java\1.17.2\flink-java-1.17.2.jar;C:\Users\siqi3.huang\.m2\repository\org\apache\commons\commons-math3\3.6.1\commons-math3-3.6.1.jar;C:\Users\siqi3.huang\.m2\repository\com\twitter\chill-java\0.7.6\chill-java-0.7.6.jar;C:\Users\siqi3.huang\.m2\repository\org\apache\flink\flink-streaming-java\1.17.2\flink-streaming-java-1.17.2.jar;C:\Users\siqi3.huang\.m2\repository\org\apache\flink\flink-file-sink-common\1.17.2\flink-file-sink-common-1.17.2.jar;C:\Users\siqi3.huang\.m2\repository\org\apache\flink\flink-runtime\1.17.2\flink-runtime-1.17.2.jar;C:\Users\siqi3.huang\.m2\repository\org\apache\flink\flink-rpc-core\1.17.2\flink-rpc-core-1.17.2.jar;C:\Users\siqi3.huang\.m2\repository\org\apache\flink\flink-rpc-akka-loader\1.17.2\flink-rpc-akka-loader-1.17.2.jar;C:\Users\siqi3.huang\.m2\repository\org\apache\flink\flink-queryable-state-client-java\1.17.2\flink-queryable-state-client-java-1.17.2.jar;C:\Users\siqi3.huang\.m2\repository\org\apache\flink\flink-hadoop-fs\1.17.2\flink-hadoop-fs-1.17.2.jar;C:\Users\siqi3.huang\.m2\repository\commons-io\commons-io\2.11.0\commons-io-2.11.0.jar;C:\Users\siqi3.huang\.m2\repository\org\apache\flink\flink-shaded-netty\4.1.82.Final-16.1\flink-shaded-netty-4.1.82.Final-16.1.jar;C:\Users\siqi3.huang\.m2\repository\org\apache\flink\flink-shaded-zookeeper-3\3.7.1-16.1\flink-shaded-zookeeper-3-3.7.1-16.1.jar;C:\Users\siqi3.huang\.m2\repository\org\javassist\javassist\3.24.0-GA\javassist-3.24.0-GA.jar;C:\Users\siqi3.huang\.m2\repository\org\apache\flink\flink-shaded-force-shading\16.1\flink-shaded-force-shading-16.1.jar;C:\Users\siqi3.huang\.m2\repository\org\apache\flink\flink-clients\1.17.2\flink-clients-1.17.2.jar;C:\Users\siqi3.huang\.m2\repository\org\apache\flink\flink-optimizer\1.17.2\flink-optimizer-1.17.2.jar;C:\Users\siqi3.huang\.m2\repository\commons-cli\commons-cli\1.5.0\commons-cli-1.5.0.jar;C:\Users\siqi3.huang\.m2\repository\org\apache\flink\flink-connector-kafka\1.17.2\flink-connector-kafka-1.17.2.jar;C:\Users\siqi3.huang\.m2\repository\org\apache\flink\flink-connector-base\1.17.2\flink-connector-base-1.17.2.jar;C:\Users\siqi3.huang\.m2\repository\org\apache\kafka\kafka-clients\3.8.1\kafka-clients-3.8.1.jar;C:\Users\siqi3.huang\.m2\repository\com\github\luben\zstd-jni\1.5.6-4\zstd-jni-1.5.6-4.jar;C:\Users\siqi3.huang\.m2\repository\org\lz4\lz4-java\1.8.0\lz4-java-1.8.0.jar;C:\Users\siqi3.huang\.m2\repository\org\xerial\snappy\snappy-java\1.1.10.5\snappy-java-1.1.10.5.jar;C:\Users\siqi3.huang\.m2\repository\org\projectlombok\lombok\1.18.30\lombok-1.18.30.jar;C:\Users\siqi3.huang\.m2\repository\jakarta\validation\jakarta.validation-api\2.0.2\jakarta.validation-api-2.0.2.jar;C:\Users\siqi3.huang\.m2\repository\org\springframework\spring-aop\5.3.20\spring-aop-5.3.20.jar;C:\Users\siqi3.huang\.m2\repository\org\springframework\spring-beans\5.3.22\spring-beans-5.3.22.jar;C:\Users\siqi3.huang\.m2\repository\org\aspectj\aspectjweaver\1.9.22.1\aspectjweaver-1.9.22.1.jar;C:\Users\siqi3.huang\.m2\repository\com\fasterxml\jackson\core\jackson-databind\2.16.1\jackson-databind-2.16.1.jar;C:\Users\siqi3.huang\.m2\repository\com\fasterxml\jackson\core\jackson-annotations\2.13.3\jackson-annotations-2.13.3.jar;C:\Users\siqi3.huang\.m2\repository\com\fasterxml\jackson\core\jackson-core\2.13.3\jackson-core-2.13.3.jar;C:\Users\siqi3.huang\.m2\repository\org\springframework\boot\spring-boot-starter-data-redis\2.7.2\spring-boot-starter-data-redis-2.7.2.jar;C:\Users\siqi3.huang\.m2\repository\org\springframework\data\spring-data-redis\2.7.2\spring-data-redis-2.7.2.jar;C:\Users\siqi3.huang\.m2\repository\org\springframework\data\spring-data-keyvalue\2.7.2\spring-data-keyvalue-2.7.2.jar;C:\Users\siqi3.huang\.m2\repository\org\springframework\data\spring-data-commons\2.7.2\spring-data-commons-2.7.2.jar;C:\Users\siqi3.huang\.m2\repository\org\springframework\spring-tx\5.3.22\spring-tx-5.3.22.jar;C:\Users\siqi3.huang\.m2\repository\org\springframework\spring-oxm\5.3.22\spring-oxm-5.3.22.jar;C:\Users\siqi3.huang\.m2\repository\io\lettuce\lettuce-core\6.1.9.RELEASE\lettuce-core-6.1.9.RELEASE.jar;C:\Users\siqi3.huang\.m2\repository\io\netty\netty-common\4.1.79.Final\netty-common-4.1.79.Final.jar;C:\Users\siqi3.huang\.m2\repository\io\netty\netty-handler\4.1.79.Final\netty-handler-4.1.79.Final.jar;C:\Users\siqi3.huang\.m2\repository\io\netty\netty-resolver\4.1.79.Final\netty-resolver-4.1.79.Final.jar;C:\Users\siqi3.huang\.m2\repository\io\netty\netty-buffer\4.1.79.Final\netty-buffer-4.1.79.Final.jar;C:\Users\siqi3.huang\.m2\repository\io\netty\netty-transport-native-unix-common\4.1.79.Final\netty-transport-native-unix-common-4.1.79.Final.jar;C:\Users\siqi3.huang\.m2\repository\io\netty\netty-codec\4.1.79.Final\netty-codec-4.1.79.Final.jar;C:\Users\siqi3.huang\.m2\repository\io\netty\netty-transport\4.1.79.Final\netty-transport-4.1.79.Final.jar;C:\Users\siqi3.huang\.m2\repository\io\projectreactor\reactor-core\3.4.21\reactor-core-3.4.21.jar;C:\Users\siqi3.huang\.m2\repository\org\reactivestreams\reactive-streams\1.0.4\reactive-streams-1.0.4.jar;C:\Users\siqi3.huang\.m2\repository\org\springframework\boot\spring-boot-starter-cache\2.7.2\spring-boot-starter-cache-2.7.2.jar;C:\Users\siqi3.huang\.m2\repository\org\springframework\spring-context-support\5.3.22\spring-context-support-5.3.22.jar;C:\Users\siqi3.huang\.m2\repository\com\alibaba\fastjson\2.0.42\fastjson-2.0.42.jar;C:\Users\siqi3.huang\.m2\repository\com\alibaba\fastjson2\fastjson2-extension\2.0.42\fastjson2-extension-2.0.42.jar;C:\Users\siqi3.huang\.m2\repository\com\alibaba\fastjson2\fastjson2\2.0.42\fastjson2-2.0.42.jar;C:\Users\siqi3.huang\.m2\repository\com\squareup\okhttp3\okhttp\4.9.3\okhttp-4.9.3.jar;C:\Users\siqi3.huang\.m2\repository\com\squareup\okio\okio\2.8.0\okio-2.8.0.jar;C:\Users\siqi3.huang\.m2\repository\org\jetbrains\kotlin\kotlin-stdlib-common\1.6.21\kotlin-stdlib-common-1.6.21.jar;C:\Users\siqi3.huang\.m2\repository\org\jetbrains\kotlin\kotlin-stdlib\1.6.21\kotlin-stdlib-1.6.21.jar;C:\Users\siqi3.huang\.m2\repository\org\jetbrains\annotations\13.0\annotations-13.0.jar;C:\Users\siqi3.huang\.m2\repository\io\jsonwebtoken\jjwt-api\0.10.3\jjwt-api-0.10.3.jar;C:\Users\siqi3.huang\.m2\repository\io\jsonwebtoken\jjwt-impl\0.10.3\jjwt-impl-0.10.3.jar;C:\Users\siqi3.huang\.m2\repository\io\jsonwebtoken\jjwt-jackson\0.10.3\jjwt-jackson-0.10.3.jar;C:\Users\siqi3.huang\.m2\repository\org\springframework\security\spring-security-core\5.8.7\spring-security-core-5.8.7.jar;C:\Users\siqi3.huang\.m2\repository\org\springframework\security\spring-security-crypto\5.7.2\spring-security-crypto-5.7.2.jar;C:\Users\siqi3.huang\.m2\repository\org\springframework\spring-context\5.3.22\spring-context-5.3.22.jar;C:\Users\siqi3.huang\.m2\repository\org\springframework\spring-expression\5.3.22\spring-expression-5.3.22.jar;"/>
    <property name="sun.cpu.endian" value="little"/>
    <property name="user.home" value="C:\Users\siqi3.huang"/>
    <property name="user.language" value="zh"/>
    <property name="java.specification.vendor" value="Oracle Corporation"/>
    <property name="java.version.date" value="2025-01-21"/>
    <property name="java.home" value="C:\Users\siqi3.huang\.jdks\ms-11.0.26"/>
    <property name="file.separator" value="\"/>
    <property name="basedir" value="H:\java\bigData"/>
    <property name="java.vm.compressedOopsMode" value="Zero based"/>
    <property name="line.separator" value="&#10;"/>
    <property name="java.specification.name" value="Java Platform API Specification"/>
    <property name="java.vm.specification.vendor" value="Oracle Corporation"/>
    <property name="java.awt.graphicsenv" value="sun.awt.Win32GraphicsEnvironment"/>
    <property name="surefire.real.class.path" value="C:\Users\siqi3.huang\AppData\Local\Temp\surefire13919733675051276376\surefirebooter11574262679034871836.jar"/>
    <property name="user.script" value=""/>
    <property name="sun.management.compiler" value="HotSpot 64-Bit Tiered Compilers"/>
    <property name="java.runtime.version" value="11.0.26+4-LTS"/>
    <property name="user.name" value="siqi3.huang"/>
    <property name="path.separator" value=";"/>
    <property name="os.version" value="10.0"/>
    <property name="java.runtime.name" value="OpenJDK Runtime Environment"/>
    <property name="file.encoding" value="GBK"/>
    <property name="java.vm.name" value="OpenJDK 64-Bit Server VM"/>
    <property name="java.vendor.version" value="Microsoft-10823458"/>
    <property name="localRepository" value="C:\Users\siqi3.huang\.m2\repository"/>
    <property name="java.vendor.url.bug" value="https://github.com/microsoft/openjdk/issues"/>
    <property name="java.io.tmpdir" value="C:\Users\siqi3.huang\AppData\Local\Temp\"/>
    <property name="java.version" value="11.0.26"/>
    <property name="user.dir" value="H:\java\bigData"/>
    <property name="os.arch" value="amd64"/>
    <property name="java.vm.specification.name" value="Java Virtual Machine Specification"/>
    <property name="java.awt.printerjob" value="sun.awt.windows.WPrinterJob"/>
    <property name="sun.os.patch.level" value=""/>
    <property name="java.library.path" value="C:\Users\siqi3.huang\.jdks\ms-11.0.26\bin;C:\Windows\Sun\Java\bin;C:\Windows\system32;C:\Windows;C:\Program Files\YunShu;C:\Program Files (x86)\VMware\VMware Workstation\bin\;C:\Program Files\Common Files\Oracle\Java\javapath;C:\Program Files (x86)\Common Files\Oracle\Java\javapath;C:\Windows\system32;C:\Windows;C:\Windows\System32\Wbem;C:\Windows\System32\WindowsPowerShell\v1.0\;C:\Windows\System32\OpenSSH\;C:\Program Files\NVIDIA Corporation\NVIDIA NvDLISR;C:\Program Files\MATLAB\R2019a\runtime\win64;C:\Program Files\MATLAB\R2019a\bin;C:\Users\siqi3.huang\.jdks\ms-11.0.26\bin;C:\Users\siqi3.huang\.jdks\ms-11.0.26\jre\bin;G:\Git\cmd;C:\Users\siqi3.huang\.jdks\ms-11.0.26\lib\tools.jar;H:\hadoop\hadoop-2.7.2\bin;C:\Program Files (x86)\Calibre2\;C:\Program Files\dotnet\;D:\nodejs\;%APPDATA%\npm;C:\Users\siqi3.huang\Downloads\kafka-eagle-bin-3.0.1\efak-web-3.0.1\bin;I:\maven\apache-maven-3.9.11\bin;C:\Users\siqi3.huang\AppData\Local\Microsoft\WindowsApps;I:\Microsoft VS Code\bin;C:\Users\siqi3.huang\AppData\Roaming\npm;."/>
    <property name="java.vm.info" value="mixed mode, sharing"/>
    <property name="java.vendor" value="Microsoft"/>
    <property name="java.vm.version" value="11.0.26+4-LTS"/>
    <property name="java.specification.maintenance.version" value="3"/>
    <property name="sun.io.unicode.encoding" value="UnicodeLittle"/>
    <property name="java.class.version" value="55.0"/>
  </properties>
  <testcase name="testShow" classname="MyClassTest" time="0.018"/>
</testsuite>